[0m05:03:39.184739 [debug] [MainThread]: Sending event: {'category': 'dbt', 'action': 'invocation', 'label': 'start', 'context': [<snowplow_tracker.self_describing_json.SelfDescribingJson object at 0x1122bd090>, <snowplow_tracker.self_describing_json.SelfDescribingJson object at 0x1122d4e10>, <snowplow_tracker.self_describing_json.SelfDescribingJson object at 0x1122d5710>]}


============================== 05:03:39.187285 | 6dc4ab1f-aeb5-4187-aed1-9a0a66972f37 ==============================
[0m05:03:39.187285 [info ] [MainThread]: Running with dbt=1.7.13
[0m05:03:39.187608 [debug] [MainThread]: running dbt with arguments {'printer_width': '80', 'indirect_selection': 'eager', 'write_json': 'True', 'log_cache_events': 'False', 'partial_parse': 'True', 'cache_selected_only': 'False', 'warn_error': 'None', 'debug': 'False', 'version_check': 'True', 'log_path': 'logs', 'fail_fast': 'False', 'profiles_dir': '/Users/ramazanabylkassov/Desktop/IT/mcdm_challenge/.dbt', 'use_colors': 'True', 'use_experimental_parser': 'False', 'no_print': 'None', 'quiet': 'False', 'warn_error_options': 'WarnErrorOptions(include=[], exclude=[])', 'invocation_command': 'dbt init', 'introspect': 'True', 'log_format': 'default', 'target_path': 'None', 'static_parser': 'True', 'send_anonymous_usage_stats': 'True'}
[0m05:03:39.187869 [info ] [MainThread]: Creating dbt configuration folder at /Users/ramazanabylkassov/Desktop/IT/mcdm_challenge/.dbt
[0m05:03:46.848807 [debug] [MainThread]: Starter project path: /Library/Frameworks/Python.framework/Versions/3.11/lib/python3.11/site-packages/dbt/include/starter_project
[0m05:03:46.859952 [info ] [MainThread]: 
Your new dbt project "dbt_mcdm_challenge" was created!

For more information on how to configure the profiles.yml file,
please consult the dbt documentation here:

  https://docs.getdbt.com/docs/configure-your-profile

One more thing:

Need help? Don't hesitate to reach out to us via GitHub issues or on Slack:

  https://community.getdbt.com/

Happy modeling!

[0m05:03:46.860783 [info ] [MainThread]: Setting up your profile.
[0m05:04:07.571728 [info ] [MainThread]: Profile dbt_mcdm_challenge written to /Users/ramazanabylkassov/Desktop/IT/mcdm_challenge/.dbt/profiles.yml using target's profile_template.yml and your supplied values. Run 'dbt debug' to validate the connection.
[0m05:04:07.576253 [debug] [MainThread]: Resource report: {"command_name": "init", "command_success": true, "command_wall_clock_time": 28.400938, "process_user_time": 2.820055, "process_kernel_time": 0.532926, "process_mem_max_rss": "184975360", "process_in_blocks": "0", "process_out_blocks": "0"}
[0m05:04:07.577295 [debug] [MainThread]: Command `dbt init` succeeded at 05:04:07.577105 after 28.40 seconds
[0m05:04:07.577856 [debug] [MainThread]: Sending event: {'category': 'dbt', 'action': 'invocation', 'label': 'end', 'context': [<snowplow_tracker.self_describing_json.SelfDescribingJson object at 0x1122c80d0>, <snowplow_tracker.self_describing_json.SelfDescribingJson object at 0x107978450>, <snowplow_tracker.self_describing_json.SelfDescribingJson object at 0x104f6dd90>]}
[0m05:04:07.578412 [debug] [MainThread]: Flushing usage events
[0m05:04:16.054743 [debug] [MainThread]: Sending event: {'category': 'dbt', 'action': 'invocation', 'label': 'start', 'context': [<snowplow_tracker.self_describing_json.SelfDescribingJson object at 0x1084466d0>, <snowplow_tracker.self_describing_json.SelfDescribingJson object at 0x108fa9710>, <snowplow_tracker.self_describing_json.SelfDescribingJson object at 0x108fa9cd0>]}


============================== 05:04:16.057172 | 8021a58d-01c2-4afe-befb-4b5cba6278d7 ==============================
[0m05:04:16.057172 [info ] [MainThread]: Running with dbt=1.7.13
[0m05:04:16.057475 [debug] [MainThread]: running dbt with arguments {'printer_width': '80', 'indirect_selection': 'eager', 'log_cache_events': 'False', 'write_json': 'True', 'partial_parse': 'True', 'cache_selected_only': 'False', 'warn_error': 'None', 'fail_fast': 'False', 'profiles_dir': '/Users/ramazanabylkassov/Desktop/IT/mcdm_challenge/.dbt', 'log_path': 'logs', 'debug': 'False', 'version_check': 'True', 'use_colors': 'True', 'use_experimental_parser': 'False', 'no_print': 'None', 'quiet': 'False', 'warn_error_options': 'WarnErrorOptions(include=[], exclude=[])', 'introspect': 'True', 'static_parser': 'True', 'invocation_command': 'dbt debug', 'target_path': 'None', 'log_format': 'default', 'send_anonymous_usage_stats': 'True'}
[0m05:04:16.057839 [info ] [MainThread]: dbt version: 1.7.13
[0m05:04:16.058004 [info ] [MainThread]: python version: 3.11.4
[0m05:04:16.058158 [info ] [MainThread]: python path: /Library/Frameworks/Python.framework/Versions/3.11/bin/python3.11
[0m05:04:16.058297 [info ] [MainThread]: os info: macOS-14.4.1-arm64-arm-64bit
[0m05:04:16.498321 [info ] [MainThread]: Using profiles dir at /Users/ramazanabylkassov/Desktop/IT/mcdm_challenge/.dbt
[0m05:04:16.498599 [info ] [MainThread]: Using profiles.yml file at /Users/ramazanabylkassov/Desktop/IT/mcdm_challenge/.dbt/profiles.yml
[0m05:04:16.498777 [info ] [MainThread]: Using dbt_project.yml file at /Users/ramazanabylkassov/Desktop/IT/mcdm_challenge/dbt_project.yml
[0m05:04:16.499054 [info ] [MainThread]: adapter type: bigquery
[0m05:04:16.499233 [info ] [MainThread]: adapter version: 1.7.7
[0m05:04:16.499384 [info ] [MainThread]: Configuration:
[0m05:04:16.499525 [info ] [MainThread]:   profiles.yml file [[32mOK found and valid[0m]
[0m05:04:16.499650 [info ] [MainThread]:   dbt_project.yml file [[31mERROR not found[0m]
[0m05:04:16.499778 [info ] [MainThread]: Required dependencies:
[0m05:04:16.499934 [debug] [MainThread]: Executing "git --help"
[0m05:04:16.511917 [debug] [MainThread]: STDOUT: "b"usage: git [-v | --version] [-h | --help] [-C <path>] [-c <name>=<value>]\n           [--exec-path[=<path>]] [--html-path] [--man-path] [--info-path]\n           [-p | --paginate | -P | --no-pager] [--no-replace-objects] [--bare]\n           [--git-dir=<path>] [--work-tree=<path>] [--namespace=<name>]\n           [--super-prefix=<path>] [--config-env=<name>=<envvar>]\n           <command> [<args>]\n\nThese are common Git commands used in various situations:\n\nstart a working area (see also: git help tutorial)\n   clone     Clone a repository into a new directory\n   init      Create an empty Git repository or reinitialize an existing one\n\nwork on the current change (see also: git help everyday)\n   add       Add file contents to the index\n   mv        Move or rename a file, a directory, or a symlink\n   restore   Restore working tree files\n   rm        Remove files from the working tree and from the index\n\nexamine the history and state (see also: git help revisions)\n   bisect    Use binary search to find the commit that introduced a bug\n   diff      Show changes between commits, commit and working tree, etc\n   grep      Print lines matching a pattern\n   log       Show commit logs\n   show      Show various types of objects\n   status    Show the working tree status\n\ngrow, mark and tweak your common history\n   branch    List, create, or delete branches\n   commit    Record changes to the repository\n   merge     Join two or more development histories together\n   rebase    Reapply commits on top of another base tip\n   reset     Reset current HEAD to the specified state\n   switch    Switch branches\n   tag       Create, list, delete or verify a tag object signed with GPG\n\ncollaborate (see also: git help workflows)\n   fetch     Download objects and refs from another repository\n   pull      Fetch from and integrate with another repository or a local branch\n   push      Update remote refs along with associated objects\n\n'git help -a' and 'git help -g' list available subcommands and some\nconcept guides. See 'git help <command>' or 'git help <concept>'\nto read about a specific subcommand or concept.\nSee 'git help git' for an overview of the system.\n""
[0m05:04:16.512389 [debug] [MainThread]: STDERR: "b''"
[0m05:04:16.512568 [info ] [MainThread]:  - git [[32mOK found[0m]

[0m05:04:16.512724 [info ] [MainThread]: Connection:
[0m05:04:16.512917 [info ] [MainThread]:   method: service-account
[0m05:04:16.513055 [info ] [MainThread]:   database: mcdm-challenge-421314
[0m05:04:16.513181 [info ] [MainThread]:   execution_project: mcdm-challenge-421314
[0m05:04:16.513305 [info ] [MainThread]:   schema: dbt_inter
[0m05:04:16.513426 [info ] [MainThread]:   location: US
[0m05:04:16.513544 [info ] [MainThread]:   priority: interactive
[0m05:04:16.513665 [info ] [MainThread]:   maximum_bytes_billed: None
[0m05:04:16.513785 [info ] [MainThread]:   impersonate_service_account: None
[0m05:04:16.513908 [info ] [MainThread]:   job_retry_deadline_seconds: None
[0m05:04:16.514029 [info ] [MainThread]:   job_retries: 1
[0m05:04:16.514148 [info ] [MainThread]:   job_creation_timeout_seconds: None
[0m05:04:16.514267 [info ] [MainThread]:   job_execution_timeout_seconds: 300
[0m05:04:16.514387 [info ] [MainThread]:   timeout_seconds: 300
[0m05:04:16.514508 [info ] [MainThread]:   client_id: None
[0m05:04:16.514624 [info ] [MainThread]:   token_uri: None
[0m05:04:16.514740 [info ] [MainThread]:   dataproc_region: None
[0m05:04:16.514858 [info ] [MainThread]:   dataproc_cluster_name: None
[0m05:04:16.514972 [info ] [MainThread]:   gcs_bucket: None
[0m05:04:16.515086 [info ] [MainThread]:   dataproc_batch: None
[0m05:04:16.515297 [info ] [MainThread]: Registered adapter: bigquery=1.7.7
[0m05:04:16.536884 [debug] [MainThread]: Acquiring new bigquery connection 'debug'
[0m05:04:16.537482 [debug] [MainThread]: Opening a new connection, currently in state init
[0m05:04:16.537772 [debug] [MainThread]: BigQuery adapter: Got an error when attempting to create a bigquery client: '[Errno 2] No such file or directory: '/GC_creds/mcdm-challenge-421314-ffcbc5cba61b.json''
[0m05:04:16.538049 [info ] [MainThread]:   Connection test: [[31mERROR[0m]

[0m05:04:16.538227 [info ] [MainThread]: [31m2 checks failed:[0m
[0m05:04:16.538437 [info ] [MainThread]: Project loading failed for the following reason:
 project path </Users/ramazanabylkassov/Desktop/IT/mcdm_challenge/dbt_project.yml> not found

[0m05:04:16.538635 [info ] [MainThread]: dbt was unable to connect to the specified database.
The database returned the following error:

  >Database Error
  [Errno 2] No such file or directory: '/GC_creds/mcdm-challenge-421314-ffcbc5cba61b.json'

Check your database credentials and try again. For more information, visit:
https://docs.getdbt.com/docs/configure-your-profile


[0m05:04:16.539722 [debug] [MainThread]: Resource report: {"command_name": "debug", "command_wall_clock_time": 0.50912493, "process_user_time": 2.2866, "process_kernel_time": 0.418745, "process_mem_max_rss": "185843712", "command_success": false, "process_in_blocks": "0", "process_out_blocks": "0"}
[0m05:04:16.540063 [debug] [MainThread]: Command `dbt debug` failed at 05:04:16.539990 after 0.51 seconds
[0m05:04:16.540261 [debug] [MainThread]: Connection 'debug' was properly closed.
[0m05:04:16.540460 [debug] [MainThread]: Sending event: {'category': 'dbt', 'action': 'invocation', 'label': 'end', 'context': [<snowplow_tracker.self_describing_json.SelfDescribingJson object at 0x108f483d0>, <snowplow_tracker.self_describing_json.SelfDescribingJson object at 0x108fab9d0>, <snowplow_tracker.self_describing_json.SelfDescribingJson object at 0x108fa9e90>]}
[0m05:04:16.540691 [debug] [MainThread]: Flushing usage events
[0m05:06:41.259964 [debug] [MainThread]: Sending event: {'category': 'dbt', 'action': 'invocation', 'label': 'start', 'context': [<snowplow_tracker.self_describing_json.SelfDescribingJson object at 0x1090b0dd0>, <snowplow_tracker.self_describing_json.SelfDescribingJson object at 0x10910da10>, <snowplow_tracker.self_describing_json.SelfDescribingJson object at 0x10910dfd0>]}


============================== 05:06:41.262406 | 51cabbbf-5bb3-4307-afbb-c9ab2297a1aa ==============================
[0m05:06:41.262406 [info ] [MainThread]: Running with dbt=1.7.13
[0m05:06:41.262700 [debug] [MainThread]: running dbt with arguments {'printer_width': '80', 'indirect_selection': 'eager', 'write_json': 'True', 'log_cache_events': 'False', 'partial_parse': 'True', 'cache_selected_only': 'False', 'warn_error': 'None', 'version_check': 'True', 'profiles_dir': '/Users/ramazanabylkassov/Desktop/IT/mcdm_challenge/.dbt', 'log_path': 'logs', 'debug': 'False', 'fail_fast': 'False', 'use_colors': 'True', 'use_experimental_parser': 'False', 'no_print': 'None', 'quiet': 'False', 'log_format': 'default', 'introspect': 'True', 'warn_error_options': 'WarnErrorOptions(include=[], exclude=[])', 'static_parser': 'True', 'target_path': 'None', 'invocation_command': 'dbt debug', 'send_anonymous_usage_stats': 'True'}
[0m05:06:41.263032 [info ] [MainThread]: dbt version: 1.7.13
[0m05:06:41.263196 [info ] [MainThread]: python version: 3.11.4
[0m05:06:41.263347 [info ] [MainThread]: python path: /Library/Frameworks/Python.framework/Versions/3.11/bin/python3.11
[0m05:06:41.263488 [info ] [MainThread]: os info: macOS-14.4.1-arm64-arm-64bit
[0m05:06:41.745900 [info ] [MainThread]: Using profiles dir at /Users/ramazanabylkassov/Desktop/IT/mcdm_challenge/.dbt
[0m05:06:41.746165 [info ] [MainThread]: Using profiles.yml file at /Users/ramazanabylkassov/Desktop/IT/mcdm_challenge/.dbt/profiles.yml
[0m05:06:41.746329 [info ] [MainThread]: Using dbt_project.yml file at /Users/ramazanabylkassov/Desktop/IT/mcdm_challenge/dbt_project.yml
[0m05:06:41.746596 [info ] [MainThread]: adapter type: bigquery
[0m05:06:41.746782 [info ] [MainThread]: adapter version: 1.7.7
[0m05:06:41.746939 [info ] [MainThread]: Configuration:
[0m05:06:41.747086 [info ] [MainThread]:   profiles.yml file [[32mOK found and valid[0m]
[0m05:06:41.747226 [info ] [MainThread]:   dbt_project.yml file [[31mERROR not found[0m]
[0m05:06:41.747360 [info ] [MainThread]: Required dependencies:
[0m05:06:41.747526 [debug] [MainThread]: Executing "git --help"
[0m05:06:41.756846 [debug] [MainThread]: STDOUT: "b"usage: git [-v | --version] [-h | --help] [-C <path>] [-c <name>=<value>]\n           [--exec-path[=<path>]] [--html-path] [--man-path] [--info-path]\n           [-p | --paginate | -P | --no-pager] [--no-replace-objects] [--bare]\n           [--git-dir=<path>] [--work-tree=<path>] [--namespace=<name>]\n           [--super-prefix=<path>] [--config-env=<name>=<envvar>]\n           <command> [<args>]\n\nThese are common Git commands used in various situations:\n\nstart a working area (see also: git help tutorial)\n   clone     Clone a repository into a new directory\n   init      Create an empty Git repository or reinitialize an existing one\n\nwork on the current change (see also: git help everyday)\n   add       Add file contents to the index\n   mv        Move or rename a file, a directory, or a symlink\n   restore   Restore working tree files\n   rm        Remove files from the working tree and from the index\n\nexamine the history and state (see also: git help revisions)\n   bisect    Use binary search to find the commit that introduced a bug\n   diff      Show changes between commits, commit and working tree, etc\n   grep      Print lines matching a pattern\n   log       Show commit logs\n   show      Show various types of objects\n   status    Show the working tree status\n\ngrow, mark and tweak your common history\n   branch    List, create, or delete branches\n   commit    Record changes to the repository\n   merge     Join two or more development histories together\n   rebase    Reapply commits on top of another base tip\n   reset     Reset current HEAD to the specified state\n   switch    Switch branches\n   tag       Create, list, delete or verify a tag object signed with GPG\n\ncollaborate (see also: git help workflows)\n   fetch     Download objects and refs from another repository\n   pull      Fetch from and integrate with another repository or a local branch\n   push      Update remote refs along with associated objects\n\n'git help -a' and 'git help -g' list available subcommands and some\nconcept guides. See 'git help <command>' or 'git help <concept>'\nto read about a specific subcommand or concept.\nSee 'git help git' for an overview of the system.\n""
[0m05:06:41.757274 [debug] [MainThread]: STDERR: "b''"
[0m05:06:41.757463 [info ] [MainThread]:  - git [[32mOK found[0m]

[0m05:06:41.757630 [info ] [MainThread]: Connection:
[0m05:06:41.757847 [info ] [MainThread]:   method: service-account
[0m05:06:41.757987 [info ] [MainThread]:   database: mcdm-challenge-421314
[0m05:06:41.758124 [info ] [MainThread]:   execution_project: mcdm-challenge-421314
[0m05:06:41.758258 [info ] [MainThread]:   schema: dbt_inter
[0m05:06:41.758388 [info ] [MainThread]:   location: US
[0m05:06:41.758518 [info ] [MainThread]:   priority: interactive
[0m05:06:41.758652 [info ] [MainThread]:   maximum_bytes_billed: None
[0m05:06:41.758783 [info ] [MainThread]:   impersonate_service_account: None
[0m05:06:41.758915 [info ] [MainThread]:   job_retry_deadline_seconds: None
[0m05:06:41.759044 [info ] [MainThread]:   job_retries: 1
[0m05:06:41.759174 [info ] [MainThread]:   job_creation_timeout_seconds: None
[0m05:06:41.759304 [info ] [MainThread]:   job_execution_timeout_seconds: 300
[0m05:06:41.759432 [info ] [MainThread]:   timeout_seconds: 300
[0m05:06:41.759563 [info ] [MainThread]:   client_id: None
[0m05:06:41.759690 [info ] [MainThread]:   token_uri: None
[0m05:06:41.759816 [info ] [MainThread]:   dataproc_region: None
[0m05:06:41.759944 [info ] [MainThread]:   dataproc_cluster_name: None
[0m05:06:41.760070 [info ] [MainThread]:   gcs_bucket: None
[0m05:06:41.760197 [info ] [MainThread]:   dataproc_batch: None
[0m05:06:41.760429 [info ] [MainThread]: Registered adapter: bigquery=1.7.7
[0m05:06:41.763688 [debug] [MainThread]: Acquiring new bigquery connection 'debug'
[0m05:06:41.764189 [debug] [MainThread]: Opening a new connection, currently in state init
[0m05:06:41.764466 [debug] [MainThread]: BigQuery adapter: Got an error when attempting to create a bigquery client: '[Errno 2] No such file or directory: '../GC_creds/mcdm-challenge-421314-ffcbc5cba61b.json''
[0m05:06:41.764711 [info ] [MainThread]:   Connection test: [[31mERROR[0m]

[0m05:06:41.764895 [info ] [MainThread]: [31m2 checks failed:[0m
[0m05:06:41.765031 [info ] [MainThread]: Project loading failed for the following reason:
 project path </Users/ramazanabylkassov/Desktop/IT/mcdm_challenge/dbt_project.yml> not found

[0m05:06:41.765177 [info ] [MainThread]: dbt was unable to connect to the specified database.
The database returned the following error:

  >Database Error
  [Errno 2] No such file or directory: '../GC_creds/mcdm-challenge-421314-ffcbc5cba61b.json'

Check your database credentials and try again. For more information, visit:
https://docs.getdbt.com/docs/configure-your-profile


[0m05:06:41.766396 [debug] [MainThread]: Resource report: {"command_name": "debug", "command_wall_clock_time": 0.5292807, "process_user_time": 2.687501, "process_kernel_time": 0.184292, "process_mem_max_rss": "186040320", "command_success": false, "process_in_blocks": "0", "process_out_blocks": "0"}
[0m05:06:41.766693 [debug] [MainThread]: Command `dbt debug` failed at 05:06:41.766634 after 0.53 seconds
[0m05:06:41.766879 [debug] [MainThread]: Connection 'debug' was properly closed.
[0m05:06:41.767067 [debug] [MainThread]: Sending event: {'category': 'dbt', 'action': 'invocation', 'label': 'end', 'context': [<snowplow_tracker.self_describing_json.SelfDescribingJson object at 0x1090ac190>, <snowplow_tracker.self_describing_json.SelfDescribingJson object at 0x10910d8d0>, <snowplow_tracker.self_describing_json.SelfDescribingJson object at 0x10910fc50>]}
[0m05:06:41.767286 [debug] [MainThread]: Flushing usage events
[0m05:06:55.262556 [debug] [MainThread]: Sending event: {'category': 'dbt', 'action': 'invocation', 'label': 'start', 'context': [<snowplow_tracker.self_describing_json.SelfDescribingJson object at 0x108982d90>, <snowplow_tracker.self_describing_json.SelfDescribingJson object at 0x1089edd10>, <snowplow_tracker.self_describing_json.SelfDescribingJson object at 0x1089ee2d0>]}


============================== 05:06:55.264389 | 00c1b445-bd4a-4c45-ab97-0845127f10e0 ==============================
[0m05:06:55.264389 [info ] [MainThread]: Running with dbt=1.7.13
[0m05:06:55.264695 [debug] [MainThread]: running dbt with arguments {'printer_width': '80', 'indirect_selection': 'eager', 'log_cache_events': 'False', 'write_json': 'True', 'partial_parse': 'True', 'cache_selected_only': 'False', 'profiles_dir': '/Users/ramazanabylkassov/Desktop/IT/mcdm_challenge/.dbt', 'fail_fast': 'False', 'warn_error': 'None', 'log_path': 'logs', 'debug': 'False', 'version_check': 'True', 'use_colors': 'True', 'use_experimental_parser': 'False', 'no_print': 'None', 'quiet': 'False', 'warn_error_options': 'WarnErrorOptions(include=[], exclude=[])', 'invocation_command': 'dbt debug', 'log_format': 'default', 'introspect': 'True', 'target_path': 'None', 'static_parser': 'True', 'send_anonymous_usage_stats': 'True'}
[0m05:06:55.264977 [info ] [MainThread]: dbt version: 1.7.13
[0m05:06:55.265153 [info ] [MainThread]: python version: 3.11.4
[0m05:06:55.265360 [info ] [MainThread]: python path: /Library/Frameworks/Python.framework/Versions/3.11/bin/python3.11
[0m05:06:55.265569 [info ] [MainThread]: os info: macOS-14.4.1-arm64-arm-64bit
[0m05:06:55.669909 [info ] [MainThread]: Using profiles dir at /Users/ramazanabylkassov/Desktop/IT/mcdm_challenge/.dbt
[0m05:06:55.670207 [info ] [MainThread]: Using profiles.yml file at /Users/ramazanabylkassov/Desktop/IT/mcdm_challenge/.dbt/profiles.yml
[0m05:06:55.670374 [info ] [MainThread]: Using dbt_project.yml file at /Users/ramazanabylkassov/Desktop/IT/mcdm_challenge/dbt_project.yml
[0m05:06:55.670602 [info ] [MainThread]: adapter type: bigquery
[0m05:06:55.670752 [info ] [MainThread]: adapter version: 1.7.7
[0m05:06:55.670897 [info ] [MainThread]: Configuration:
[0m05:06:55.671036 [info ] [MainThread]:   profiles.yml file [[32mOK found and valid[0m]
[0m05:06:55.671172 [info ] [MainThread]:   dbt_project.yml file [[31mERROR not found[0m]
[0m05:06:55.671309 [info ] [MainThread]: Required dependencies:
[0m05:06:55.671478 [debug] [MainThread]: Executing "git --help"
[0m05:06:55.680433 [debug] [MainThread]: STDOUT: "b"usage: git [-v | --version] [-h | --help] [-C <path>] [-c <name>=<value>]\n           [--exec-path[=<path>]] [--html-path] [--man-path] [--info-path]\n           [-p | --paginate | -P | --no-pager] [--no-replace-objects] [--bare]\n           [--git-dir=<path>] [--work-tree=<path>] [--namespace=<name>]\n           [--super-prefix=<path>] [--config-env=<name>=<envvar>]\n           <command> [<args>]\n\nThese are common Git commands used in various situations:\n\nstart a working area (see also: git help tutorial)\n   clone     Clone a repository into a new directory\n   init      Create an empty Git repository or reinitialize an existing one\n\nwork on the current change (see also: git help everyday)\n   add       Add file contents to the index\n   mv        Move or rename a file, a directory, or a symlink\n   restore   Restore working tree files\n   rm        Remove files from the working tree and from the index\n\nexamine the history and state (see also: git help revisions)\n   bisect    Use binary search to find the commit that introduced a bug\n   diff      Show changes between commits, commit and working tree, etc\n   grep      Print lines matching a pattern\n   log       Show commit logs\n   show      Show various types of objects\n   status    Show the working tree status\n\ngrow, mark and tweak your common history\n   branch    List, create, or delete branches\n   commit    Record changes to the repository\n   merge     Join two or more development histories together\n   rebase    Reapply commits on top of another base tip\n   reset     Reset current HEAD to the specified state\n   switch    Switch branches\n   tag       Create, list, delete or verify a tag object signed with GPG\n\ncollaborate (see also: git help workflows)\n   fetch     Download objects and refs from another repository\n   pull      Fetch from and integrate with another repository or a local branch\n   push      Update remote refs along with associated objects\n\n'git help -a' and 'git help -g' list available subcommands and some\nconcept guides. See 'git help <command>' or 'git help <concept>'\nto read about a specific subcommand or concept.\nSee 'git help git' for an overview of the system.\n""
[0m05:06:55.680866 [debug] [MainThread]: STDERR: "b''"
[0m05:06:55.681055 [info ] [MainThread]:  - git [[32mOK found[0m]

[0m05:06:55.681225 [info ] [MainThread]: Connection:
[0m05:06:55.681415 [info ] [MainThread]:   method: service-account
[0m05:06:55.681560 [info ] [MainThread]:   database: mcdm-challenge-421314
[0m05:06:55.681698 [info ] [MainThread]:   execution_project: mcdm-challenge-421314
[0m05:06:55.681831 [info ] [MainThread]:   schema: dbt_inter
[0m05:06:55.681964 [info ] [MainThread]:   location: US
[0m05:06:55.682100 [info ] [MainThread]:   priority: interactive
[0m05:06:55.682248 [info ] [MainThread]:   maximum_bytes_billed: None
[0m05:06:55.682508 [info ] [MainThread]:   impersonate_service_account: None
[0m05:06:55.682726 [info ] [MainThread]:   job_retry_deadline_seconds: None
[0m05:06:55.682917 [info ] [MainThread]:   job_retries: 1
[0m05:06:55.683117 [info ] [MainThread]:   job_creation_timeout_seconds: None
[0m05:06:55.683261 [info ] [MainThread]:   job_execution_timeout_seconds: 300
[0m05:06:55.683394 [info ] [MainThread]:   timeout_seconds: 300
[0m05:06:55.683525 [info ] [MainThread]:   client_id: None
[0m05:06:55.683652 [info ] [MainThread]:   token_uri: None
[0m05:06:55.683774 [info ] [MainThread]:   dataproc_region: None
[0m05:06:55.683897 [info ] [MainThread]:   dataproc_cluster_name: None
[0m05:06:55.684016 [info ] [MainThread]:   gcs_bucket: None
[0m05:06:55.684135 [info ] [MainThread]:   dataproc_batch: None
[0m05:06:55.684354 [info ] [MainThread]: Registered adapter: bigquery=1.7.7
[0m05:06:55.688552 [debug] [MainThread]: Acquiring new bigquery connection 'debug'
[0m05:06:55.689339 [debug] [MainThread]: Opening a new connection, currently in state init
[0m05:06:55.689652 [debug] [MainThread]: BigQuery adapter: Got an error when attempting to create a bigquery client: '[Errno 2] No such file or directory: 'GC_creds/mcdm-challenge-421314-ffcbc5cba61b.json''
[0m05:06:55.689894 [info ] [MainThread]:   Connection test: [[31mERROR[0m]

[0m05:06:55.690071 [info ] [MainThread]: [31m2 checks failed:[0m
[0m05:06:55.690204 [info ] [MainThread]: Project loading failed for the following reason:
 project path </Users/ramazanabylkassov/Desktop/IT/mcdm_challenge/dbt_project.yml> not found

[0m05:06:55.690346 [info ] [MainThread]: dbt was unable to connect to the specified database.
The database returned the following error:

  >Database Error
  [Errno 2] No such file or directory: 'GC_creds/mcdm-challenge-421314-ffcbc5cba61b.json'

Check your database credentials and try again. For more information, visit:
https://docs.getdbt.com/docs/configure-your-profile


[0m05:06:55.691386 [debug] [MainThread]: Resource report: {"command_name": "debug", "command_wall_clock_time": 0.45081216, "process_user_time": 2.740502, "process_kernel_time": 0.125701, "process_mem_max_rss": "188186624", "command_success": false, "process_in_blocks": "0", "process_out_blocks": "0"}
[0m05:06:55.691680 [debug] [MainThread]: Command `dbt debug` failed at 05:06:55.691620 after 0.45 seconds
[0m05:06:55.691888 [debug] [MainThread]: Connection 'debug' was properly closed.
[0m05:06:55.692073 [debug] [MainThread]: Sending event: {'category': 'dbt', 'action': 'invocation', 'label': 'end', 'context': [<snowplow_tracker.self_describing_json.SelfDescribingJson object at 0x1089eff50>, <snowplow_tracker.self_describing_json.SelfDescribingJson object at 0x10898c2d0>, <snowplow_tracker.self_describing_json.SelfDescribingJson object at 0x10ea4cf90>]}
[0m05:06:55.692279 [debug] [MainThread]: Flushing usage events
[0m05:11:38.343477 [debug] [MainThread]: Sending event: {'category': 'dbt', 'action': 'invocation', 'label': 'start', 'context': [<snowplow_tracker.self_describing_json.SelfDescribingJson object at 0x107716350>, <snowplow_tracker.self_describing_json.SelfDescribingJson object at 0x1077719d0>, <snowplow_tracker.self_describing_json.SelfDescribingJson object at 0x107771f90>]}


============================== 05:11:38.346008 | 68f222d6-5a60-442d-8bbd-5b8bc3f83229 ==============================
[0m05:11:38.346008 [info ] [MainThread]: Running with dbt=1.7.13
[0m05:11:38.346327 [debug] [MainThread]: running dbt with arguments {'printer_width': '80', 'indirect_selection': 'eager', 'log_cache_events': 'False', 'write_json': 'True', 'partial_parse': 'True', 'cache_selected_only': 'False', 'profiles_dir': '/Users/ramazanabylkassov/Desktop/IT/mcdm_challenge/.dbt', 'fail_fast': 'False', 'debug': 'False', 'log_path': 'logs', 'warn_error': 'None', 'version_check': 'True', 'use_colors': 'True', 'use_experimental_parser': 'False', 'no_print': 'None', 'quiet': 'False', 'warn_error_options': 'WarnErrorOptions(include=[], exclude=[])', 'static_parser': 'True', 'invocation_command': 'dbt debug', 'log_format': 'default', 'target_path': 'None', 'introspect': 'True', 'send_anonymous_usage_stats': 'True'}
[0m05:11:38.346638 [info ] [MainThread]: dbt version: 1.7.13
[0m05:11:38.346802 [info ] [MainThread]: python version: 3.11.4
[0m05:11:38.346953 [info ] [MainThread]: python path: /Library/Frameworks/Python.framework/Versions/3.11/bin/python3.11
[0m05:11:38.347091 [info ] [MainThread]: os info: macOS-14.4.1-arm64-arm-64bit
[0m05:11:39.026514 [info ] [MainThread]: Using profiles dir at /Users/ramazanabylkassov/Desktop/IT/mcdm_challenge/.dbt
[0m05:11:39.026800 [info ] [MainThread]: Using profiles.yml file at /Users/ramazanabylkassov/Desktop/IT/mcdm_challenge/.dbt/profiles.yml
[0m05:11:39.026968 [info ] [MainThread]: Using dbt_project.yml file at /Users/ramazanabylkassov/Desktop/IT/mcdm_challenge/dbt_project.yml
[0m05:11:39.027232 [info ] [MainThread]: adapter type: bigquery
[0m05:11:39.027414 [info ] [MainThread]: adapter version: 1.7.7
[0m05:11:39.027574 [info ] [MainThread]: Configuration:
[0m05:11:39.027713 [info ] [MainThread]:   profiles.yml file [[32mOK found and valid[0m]
[0m05:11:39.027852 [info ] [MainThread]:   dbt_project.yml file [[31mERROR not found[0m]
[0m05:11:39.027987 [info ] [MainThread]: Required dependencies:
[0m05:11:39.028151 [debug] [MainThread]: Executing "git --help"
[0m05:11:39.038482 [debug] [MainThread]: STDOUT: "b"usage: git [-v | --version] [-h | --help] [-C <path>] [-c <name>=<value>]\n           [--exec-path[=<path>]] [--html-path] [--man-path] [--info-path]\n           [-p | --paginate | -P | --no-pager] [--no-replace-objects] [--bare]\n           [--git-dir=<path>] [--work-tree=<path>] [--namespace=<name>]\n           [--super-prefix=<path>] [--config-env=<name>=<envvar>]\n           <command> [<args>]\n\nThese are common Git commands used in various situations:\n\nstart a working area (see also: git help tutorial)\n   clone     Clone a repository into a new directory\n   init      Create an empty Git repository or reinitialize an existing one\n\nwork on the current change (see also: git help everyday)\n   add       Add file contents to the index\n   mv        Move or rename a file, a directory, or a symlink\n   restore   Restore working tree files\n   rm        Remove files from the working tree and from the index\n\nexamine the history and state (see also: git help revisions)\n   bisect    Use binary search to find the commit that introduced a bug\n   diff      Show changes between commits, commit and working tree, etc\n   grep      Print lines matching a pattern\n   log       Show commit logs\n   show      Show various types of objects\n   status    Show the working tree status\n\ngrow, mark and tweak your common history\n   branch    List, create, or delete branches\n   commit    Record changes to the repository\n   merge     Join two or more development histories together\n   rebase    Reapply commits on top of another base tip\n   reset     Reset current HEAD to the specified state\n   switch    Switch branches\n   tag       Create, list, delete or verify a tag object signed with GPG\n\ncollaborate (see also: git help workflows)\n   fetch     Download objects and refs from another repository\n   pull      Fetch from and integrate with another repository or a local branch\n   push      Update remote refs along with associated objects\n\n'git help -a' and 'git help -g' list available subcommands and some\nconcept guides. See 'git help <command>' or 'git help <concept>'\nto read about a specific subcommand or concept.\nSee 'git help git' for an overview of the system.\n""
[0m05:11:39.038947 [debug] [MainThread]: STDERR: "b''"
[0m05:11:39.039141 [info ] [MainThread]:  - git [[32mOK found[0m]

[0m05:11:39.039306 [info ] [MainThread]: Connection:
[0m05:11:39.039497 [info ] [MainThread]:   method: service-account
[0m05:11:39.039637 [info ] [MainThread]:   database: mcdm-challenge-421314
[0m05:11:39.039770 [info ] [MainThread]:   execution_project: mcdm-challenge-421314
[0m05:11:39.039904 [info ] [MainThread]:   schema: dbt_inter
[0m05:11:39.040034 [info ] [MainThread]:   location: US
[0m05:11:39.040165 [info ] [MainThread]:   priority: interactive
[0m05:11:39.040290 [info ] [MainThread]:   maximum_bytes_billed: None
[0m05:11:39.040411 [info ] [MainThread]:   impersonate_service_account: None
[0m05:11:39.040530 [info ] [MainThread]:   job_retry_deadline_seconds: None
[0m05:11:39.040646 [info ] [MainThread]:   job_retries: 1
[0m05:11:39.040768 [info ] [MainThread]:   job_creation_timeout_seconds: None
[0m05:11:39.040886 [info ] [MainThread]:   job_execution_timeout_seconds: 300
[0m05:11:39.041005 [info ] [MainThread]:   timeout_seconds: 300
[0m05:11:39.041123 [info ] [MainThread]:   client_id: None
[0m05:11:39.041239 [info ] [MainThread]:   token_uri: None
[0m05:11:39.041355 [info ] [MainThread]:   dataproc_region: None
[0m05:11:39.041471 [info ] [MainThread]:   dataproc_cluster_name: None
[0m05:11:39.041586 [info ] [MainThread]:   gcs_bucket: None
[0m05:11:39.041700 [info ] [MainThread]:   dataproc_batch: None
[0m05:11:39.041912 [info ] [MainThread]: Registered adapter: bigquery=1.7.7
[0m05:11:39.047705 [debug] [MainThread]: Acquiring new bigquery connection 'debug'
[0m05:11:39.048281 [debug] [MainThread]: Opening a new connection, currently in state init
[0m05:11:39.048565 [debug] [MainThread]: BigQuery adapter: Got an error when attempting to create a bigquery client: '[Errno 2] No such file or directory: '../GC_creds/mcdm-challenge-421314-75a48378b729.json''
[0m05:11:39.048826 [info ] [MainThread]:   Connection test: [[31mERROR[0m]

[0m05:11:39.048996 [info ] [MainThread]: [31m2 checks failed:[0m
[0m05:11:39.049131 [info ] [MainThread]: Project loading failed for the following reason:
 project path </Users/ramazanabylkassov/Desktop/IT/mcdm_challenge/dbt_project.yml> not found

[0m05:11:39.049274 [info ] [MainThread]: dbt was unable to connect to the specified database.
The database returned the following error:

  >Database Error
  [Errno 2] No such file or directory: '../GC_creds/mcdm-challenge-421314-75a48378b729.json'

Check your database credentials and try again. For more information, visit:
https://docs.getdbt.com/docs/configure-your-profile


[0m05:11:39.051234 [debug] [MainThread]: Resource report: {"command_name": "debug", "command_wall_clock_time": 0.73090607, "process_user_time": 2.89703, "process_kernel_time": 0.188236, "process_mem_max_rss": "185188352", "command_success": false, "process_in_blocks": "0", "process_out_blocks": "0"}
[0m05:11:39.051582 [debug] [MainThread]: Command `dbt debug` failed at 05:11:39.051516 after 0.73 seconds
[0m05:11:39.051787 [debug] [MainThread]: Connection 'debug' was properly closed.
[0m05:11:39.051988 [debug] [MainThread]: Sending event: {'category': 'dbt', 'action': 'invocation', 'label': 'end', 'context': [<snowplow_tracker.self_describing_json.SelfDescribingJson object at 0x107710510>, <snowplow_tracker.self_describing_json.SelfDescribingJson object at 0x107753a10>, <snowplow_tracker.self_describing_json.SelfDescribingJson object at 0x102f48c50>]}
[0m05:11:39.052266 [debug] [MainThread]: Flushing usage events
[0m05:12:17.606358 [debug] [MainThread]: Sending event: {'category': 'dbt', 'action': 'invocation', 'label': 'start', 'context': [<snowplow_tracker.self_describing_json.SelfDescribingJson object at 0x1079c6f10>, <snowplow_tracker.self_describing_json.SelfDescribingJson object at 0x1079b5050>, <snowplow_tracker.self_describing_json.SelfDescribingJson object at 0x107a22210>]}


============================== 05:12:17.608204 | 79c6655e-b5cc-47b1-8236-23a85d415c1f ==============================
[0m05:12:17.608204 [info ] [MainThread]: Running with dbt=1.7.13
[0m05:12:17.608506 [debug] [MainThread]: running dbt with arguments {'printer_width': '80', 'indirect_selection': 'eager', 'write_json': 'True', 'log_cache_events': 'False', 'partial_parse': 'True', 'cache_selected_only': 'False', 'profiles_dir': '/Users/ramazanabylkassov/Desktop/IT/mcdm_challenge/.dbt', 'version_check': 'True', 'fail_fast': 'False', 'log_path': 'logs', 'warn_error': 'None', 'debug': 'False', 'use_colors': 'True', 'use_experimental_parser': 'False', 'no_print': 'None', 'quiet': 'False', 'warn_error_options': 'WarnErrorOptions(include=[], exclude=[])', 'static_parser': 'True', 'introspect': 'True', 'invocation_command': 'dbt debug', 'target_path': 'None', 'log_format': 'default', 'send_anonymous_usage_stats': 'True'}
[0m05:12:17.608785 [info ] [MainThread]: dbt version: 1.7.13
[0m05:12:17.608953 [info ] [MainThread]: python version: 3.11.4
[0m05:12:17.609116 [info ] [MainThread]: python path: /Library/Frameworks/Python.framework/Versions/3.11/bin/python3.11
[0m05:12:17.609264 [info ] [MainThread]: os info: macOS-14.4.1-arm64-arm-64bit
[0m05:12:18.104462 [info ] [MainThread]: Using profiles dir at /Users/ramazanabylkassov/Desktop/IT/mcdm_challenge/.dbt
[0m05:12:18.104743 [info ] [MainThread]: Using profiles.yml file at /Users/ramazanabylkassov/Desktop/IT/mcdm_challenge/.dbt/profiles.yml
[0m05:12:18.104915 [info ] [MainThread]: Using dbt_project.yml file at /Users/ramazanabylkassov/Desktop/IT/mcdm_challenge/dbt_project.yml
[0m05:12:18.105349 [info ] [MainThread]: adapter type: bigquery
[0m05:12:18.105536 [info ] [MainThread]: adapter version: 1.7.7
[0m05:12:18.105697 [info ] [MainThread]: Configuration:
[0m05:12:18.105838 [info ] [MainThread]:   profiles.yml file [[32mOK found and valid[0m]
[0m05:12:18.105965 [info ] [MainThread]:   dbt_project.yml file [[31mERROR not found[0m]
[0m05:12:18.106089 [info ] [MainThread]: Required dependencies:
[0m05:12:18.106241 [debug] [MainThread]: Executing "git --help"
[0m05:12:18.116670 [debug] [MainThread]: STDOUT: "b"usage: git [-v | --version] [-h | --help] [-C <path>] [-c <name>=<value>]\n           [--exec-path[=<path>]] [--html-path] [--man-path] [--info-path]\n           [-p | --paginate | -P | --no-pager] [--no-replace-objects] [--bare]\n           [--git-dir=<path>] [--work-tree=<path>] [--namespace=<name>]\n           [--super-prefix=<path>] [--config-env=<name>=<envvar>]\n           <command> [<args>]\n\nThese are common Git commands used in various situations:\n\nstart a working area (see also: git help tutorial)\n   clone     Clone a repository into a new directory\n   init      Create an empty Git repository or reinitialize an existing one\n\nwork on the current change (see also: git help everyday)\n   add       Add file contents to the index\n   mv        Move or rename a file, a directory, or a symlink\n   restore   Restore working tree files\n   rm        Remove files from the working tree and from the index\n\nexamine the history and state (see also: git help revisions)\n   bisect    Use binary search to find the commit that introduced a bug\n   diff      Show changes between commits, commit and working tree, etc\n   grep      Print lines matching a pattern\n   log       Show commit logs\n   show      Show various types of objects\n   status    Show the working tree status\n\ngrow, mark and tweak your common history\n   branch    List, create, or delete branches\n   commit    Record changes to the repository\n   merge     Join two or more development histories together\n   rebase    Reapply commits on top of another base tip\n   reset     Reset current HEAD to the specified state\n   switch    Switch branches\n   tag       Create, list, delete or verify a tag object signed with GPG\n\ncollaborate (see also: git help workflows)\n   fetch     Download objects and refs from another repository\n   pull      Fetch from and integrate with another repository or a local branch\n   push      Update remote refs along with associated objects\n\n'git help -a' and 'git help -g' list available subcommands and some\nconcept guides. See 'git help <command>' or 'git help <concept>'\nto read about a specific subcommand or concept.\nSee 'git help git' for an overview of the system.\n""
[0m05:12:18.117168 [debug] [MainThread]: STDERR: "b''"
[0m05:12:18.117373 [info ] [MainThread]:  - git [[32mOK found[0m]

[0m05:12:18.117538 [info ] [MainThread]: Connection:
[0m05:12:18.117725 [info ] [MainThread]:   method: service-account
[0m05:12:18.117854 [info ] [MainThread]:   database: mcdm-challenge-421314
[0m05:12:18.117979 [info ] [MainThread]:   execution_project: mcdm-challenge-421314
[0m05:12:18.118100 [info ] [MainThread]:   schema: dbt_inter
[0m05:12:18.118220 [info ] [MainThread]:   location: US
[0m05:12:18.118337 [info ] [MainThread]:   priority: interactive
[0m05:12:18.118456 [info ] [MainThread]:   maximum_bytes_billed: None
[0m05:12:18.118573 [info ] [MainThread]:   impersonate_service_account: None
[0m05:12:18.118691 [info ] [MainThread]:   job_retry_deadline_seconds: None
[0m05:12:18.118810 [info ] [MainThread]:   job_retries: 1
[0m05:12:18.118925 [info ] [MainThread]:   job_creation_timeout_seconds: None
[0m05:12:18.119043 [info ] [MainThread]:   job_execution_timeout_seconds: 300
[0m05:12:18.119163 [info ] [MainThread]:   timeout_seconds: 300
[0m05:12:18.119282 [info ] [MainThread]:   client_id: None
[0m05:12:18.119398 [info ] [MainThread]:   token_uri: None
[0m05:12:18.119514 [info ] [MainThread]:   dataproc_region: None
[0m05:12:18.119630 [info ] [MainThread]:   dataproc_cluster_name: None
[0m05:12:18.119743 [info ] [MainThread]:   gcs_bucket: None
[0m05:12:18.119858 [info ] [MainThread]:   dataproc_batch: None
[0m05:12:18.120076 [info ] [MainThread]: Registered adapter: bigquery=1.7.7
[0m05:12:18.123994 [debug] [MainThread]: Acquiring new bigquery connection 'debug'
[0m05:12:18.124483 [debug] [MainThread]: Opening a new connection, currently in state init
[0m05:12:18.125947 [debug] [MainThread]: On debug: select 1 as id
[0m05:12:19.164609 [debug] [MainThread]: BigQuery adapter: https://console.cloud.google.com/bigquery?project=mcdm-challenge-421314&j=bq:US:8238d7da-e918-45b4-8ecc-eebca3347c35&page=queryresults
[0m05:12:20.495801 [info ] [MainThread]:   Connection test: [[32mOK connection ok[0m]

[0m05:12:20.496800 [info ] [MainThread]: [31m1 check failed:[0m
[0m05:12:20.497233 [info ] [MainThread]: Project loading failed for the following reason:
 project path </Users/ramazanabylkassov/Desktop/IT/mcdm_challenge/dbt_project.yml> not found

[0m05:12:20.502395 [debug] [MainThread]: Resource report: {"command_name": "debug", "command_wall_clock_time": 2.9175284, "process_user_time": 2.777831, "process_kernel_time": 0.160108, "process_mem_max_rss": "192102400", "command_success": false, "process_in_blocks": "0", "process_out_blocks": "0"}
[0m05:12:20.503258 [debug] [MainThread]: Command `dbt debug` failed at 05:12:20.503086 after 2.92 seconds
[0m05:12:20.504052 [debug] [MainThread]: Connection 'debug' was properly closed.
[0m05:12:20.504646 [debug] [MainThread]: Sending event: {'category': 'dbt', 'action': 'invocation', 'label': 'end', 'context': [<snowplow_tracker.self_describing_json.SelfDescribingJson object at 0x1079c0290>, <snowplow_tracker.self_describing_json.SelfDescribingJson object at 0x108f9c610>, <snowplow_tracker.self_describing_json.SelfDescribingJson object at 0x107a0cad0>]}
[0m05:12:20.505296 [debug] [MainThread]: Flushing usage events
[0m05:12:45.891458 [debug] [MainThread]: Sending event: {'category': 'dbt', 'action': 'invocation', 'label': 'start', 'context': [<snowplow_tracker.self_describing_json.SelfDescribingJson object at 0x110184d10>, <snowplow_tracker.self_describing_json.SelfDescribingJson object at 0x1101ed850>, <snowplow_tracker.self_describing_json.SelfDescribingJson object at 0x1101ede10>]}


============================== 05:12:45.893270 | d04ad8ce-d5e5-4ccf-8786-e39e05ee639a ==============================
[0m05:12:45.893270 [info ] [MainThread]: Running with dbt=1.7.13
[0m05:12:45.893568 [debug] [MainThread]: running dbt with arguments {'printer_width': '80', 'indirect_selection': 'eager', 'log_cache_events': 'False', 'write_json': 'True', 'partial_parse': 'True', 'cache_selected_only': 'False', 'warn_error': 'None', 'version_check': 'True', 'fail_fast': 'False', 'log_path': '/Users/ramazanabylkassov/Desktop/IT/mcdm_challenge/logs', 'profiles_dir': '/Users/ramazanabylkassov/Desktop/IT/mcdm_challenge/.dbt', 'debug': 'False', 'use_colors': 'True', 'use_experimental_parser': 'False', 'no_print': 'None', 'quiet': 'False', 'log_format': 'default', 'introspect': 'True', 'static_parser': 'True', 'invocation_command': 'dbt debug', 'target_path': 'None', 'warn_error_options': 'WarnErrorOptions(include=[], exclude=[])', 'send_anonymous_usage_stats': 'True'}
[0m05:12:45.893864 [info ] [MainThread]: dbt version: 1.7.13
[0m05:12:45.894033 [info ] [MainThread]: python version: 3.11.4
[0m05:12:45.894183 [info ] [MainThread]: python path: /Library/Frameworks/Python.framework/Versions/3.11/bin/python3.11
[0m05:12:45.894322 [info ] [MainThread]: os info: macOS-14.4.1-arm64-arm-64bit
[0m05:12:45.895790 [info ] [MainThread]: Using profiles dir at /Users/ramazanabylkassov/Desktop/IT/mcdm_challenge/.dbt
[0m05:12:45.895947 [info ] [MainThread]: Using profiles.yml file at /Users/ramazanabylkassov/Desktop/IT/mcdm_challenge/.dbt/profiles.yml
[0m05:12:45.896076 [info ] [MainThread]: Using dbt_project.yml file at /Users/ramazanabylkassov/Desktop/IT/mcdm_challenge/dbt_project.yml
[0m05:12:45.925109 [info ] [MainThread]: Configuration:
[0m05:12:45.925351 [info ] [MainThread]:   profiles.yml file [[31mERROR invalid[0m]
[0m05:12:45.925513 [info ] [MainThread]:   dbt_project.yml file [[32mOK found and valid[0m]
[0m05:12:45.925657 [info ] [MainThread]: Required dependencies:
[0m05:12:45.925838 [debug] [MainThread]: Executing "git --help"
[0m05:12:45.934611 [debug] [MainThread]: STDOUT: "b"usage: git [-v | --version] [-h | --help] [-C <path>] [-c <name>=<value>]\n           [--exec-path[=<path>]] [--html-path] [--man-path] [--info-path]\n           [-p | --paginate | -P | --no-pager] [--no-replace-objects] [--bare]\n           [--git-dir=<path>] [--work-tree=<path>] [--namespace=<name>]\n           [--super-prefix=<path>] [--config-env=<name>=<envvar>]\n           <command> [<args>]\n\nThese are common Git commands used in various situations:\n\nstart a working area (see also: git help tutorial)\n   clone     Clone a repository into a new directory\n   init      Create an empty Git repository or reinitialize an existing one\n\nwork on the current change (see also: git help everyday)\n   add       Add file contents to the index\n   mv        Move or rename a file, a directory, or a symlink\n   restore   Restore working tree files\n   rm        Remove files from the working tree and from the index\n\nexamine the history and state (see also: git help revisions)\n   bisect    Use binary search to find the commit that introduced a bug\n   diff      Show changes between commits, commit and working tree, etc\n   grep      Print lines matching a pattern\n   log       Show commit logs\n   show      Show various types of objects\n   status    Show the working tree status\n\ngrow, mark and tweak your common history\n   branch    List, create, or delete branches\n   commit    Record changes to the repository\n   merge     Join two or more development histories together\n   rebase    Reapply commits on top of another base tip\n   reset     Reset current HEAD to the specified state\n   switch    Switch branches\n   tag       Create, list, delete or verify a tag object signed with GPG\n\ncollaborate (see also: git help workflows)\n   fetch     Download objects and refs from another repository\n   pull      Fetch from and integrate with another repository or a local branch\n   push      Update remote refs along with associated objects\n\n'git help -a' and 'git help -g' list available subcommands and some\nconcept guides. See 'git help <command>' or 'git help <concept>'\nto read about a specific subcommand or concept.\nSee 'git help git' for an overview of the system.\n""
[0m05:12:45.935054 [debug] [MainThread]: STDERR: "b''"
[0m05:12:45.935230 [info ] [MainThread]:  - git [[32mOK found[0m]

[0m05:12:45.935393 [info ] [MainThread]: Connection test skipped since no profile was found
[0m05:12:45.935554 [info ] [MainThread]: [31m1 check failed:[0m
[0m05:12:45.935694 [info ] [MainThread]: Profile loading failed for the following reason:
Runtime Error
  Could not find profile named 'default'


[0m05:12:45.936471 [debug] [MainThread]: Resource report: {"command_name": "debug", "command_wall_clock_time": 0.0676185, "process_user_time": 0.778318, "process_kernel_time": 0.073113, "process_mem_max_rss": "106479616", "command_success": false, "process_in_blocks": "0", "process_out_blocks": "0"}
[0m05:12:45.936737 [debug] [MainThread]: Command `dbt debug` failed at 05:12:45.936681 after 0.07 seconds
[0m05:12:45.936963 [debug] [MainThread]: Sending event: {'category': 'dbt', 'action': 'invocation', 'label': 'end', 'context': [<snowplow_tracker.self_describing_json.SelfDescribingJson object at 0x102570190>, <snowplow_tracker.self_describing_json.SelfDescribingJson object at 0x102570dd0>, <snowplow_tracker.self_describing_json.SelfDescribingJson object at 0x102570c50>]}
[0m05:12:45.937164 [debug] [MainThread]: Flushing usage events
[0m05:13:33.148481 [debug] [MainThread]: Sending event: {'category': 'dbt', 'action': 'invocation', 'label': 'start', 'context': [<snowplow_tracker.self_describing_json.SelfDescribingJson object at 0x1057f1d10>, <snowplow_tracker.self_describing_json.SelfDescribingJson object at 0x1057e9090>, <snowplow_tracker.self_describing_json.SelfDescribingJson object at 0x105855950>]}


============================== 05:13:33.150315 | 79f99d74-73f4-4431-835d-254e6912c6c4 ==============================
[0m05:13:33.150315 [info ] [MainThread]: Running with dbt=1.7.13
[0m05:13:33.150603 [debug] [MainThread]: running dbt with arguments {'printer_width': '80', 'indirect_selection': 'eager', 'write_json': 'True', 'log_cache_events': 'False', 'partial_parse': 'True', 'cache_selected_only': 'False', 'warn_error': 'None', 'debug': 'False', 'profiles_dir': '/Users/ramazanabylkassov/Desktop/IT/mcdm_challenge/.dbt', 'log_path': 'logs', 'fail_fast': 'False', 'version_check': 'True', 'use_colors': 'True', 'use_experimental_parser': 'False', 'no_print': 'None', 'quiet': 'False', 'warn_error_options': 'WarnErrorOptions(include=[], exclude=[])', 'invocation_command': 'dbt init', 'static_parser': 'True', 'introspect': 'True', 'target_path': 'None', 'log_format': 'default', 'send_anonymous_usage_stats': 'True'}
[0m05:13:39.035161 [info ] [MainThread]: A project called dbt_mcdm_challenge already exists here.
[0m05:13:39.038687 [debug] [MainThread]: Resource report: {"command_name": "init", "command_success": true, "command_wall_clock_time": 5.9115043, "process_user_time": 0.742407, "process_kernel_time": 0.068458, "process_mem_max_rss": "104333312", "process_in_blocks": "0", "process_out_blocks": "0"}
[0m05:13:39.039593 [debug] [MainThread]: Command `dbt init` succeeded at 05:13:39.039410 after 5.91 seconds
[0m05:13:39.040193 [debug] [MainThread]: Sending event: {'category': 'dbt', 'action': 'invocation', 'label': 'end', 'context': [<snowplow_tracker.self_describing_json.SelfDescribingJson object at 0x1057f41d0>, <snowplow_tracker.self_describing_json.SelfDescribingJson object at 0x100fe1dd0>, <snowplow_tracker.self_describing_json.SelfDescribingJson object at 0x1010ab350>]}
[0m05:13:39.040777 [debug] [MainThread]: Flushing usage events
[0m20:16:32.105952 [debug] [MainThread]: Sending event: {'category': 'dbt', 'action': 'invocation', 'label': 'start', 'context': [<snowplow_tracker.self_describing_json.SelfDescribingJson object at 0x107b871d0>, <snowplow_tracker.self_describing_json.SelfDescribingJson object at 0x107b9cdd0>, <snowplow_tracker.self_describing_json.SelfDescribingJson object at 0x107b9d3d0>]}


============================== 20:16:32.108533 | 756b1a46-756f-4e37-9ac4-bae092d6f2c7 ==============================
[0m20:16:32.108533 [info ] [MainThread]: Running with dbt=1.7.13
[0m20:16:32.108839 [debug] [MainThread]: running dbt with arguments {'printer_width': '80', 'indirect_selection': 'eager', 'write_json': 'True', 'log_cache_events': 'False', 'partial_parse': 'True', 'cache_selected_only': 'False', 'warn_error': 'None', 'fail_fast': 'False', 'profiles_dir': '/Users/ramazanabylkassov/.dbt', 'log_path': 'logs', 'debug': 'False', 'version_check': 'True', 'use_colors': 'True', 'use_experimental_parser': 'False', 'no_print': 'None', 'quiet': 'False', 'warn_error_options': 'WarnErrorOptions(include=[], exclude=[])', 'static_parser': 'True', 'introspect': 'True', 'log_format': 'default', 'target_path': 'None', 'invocation_command': 'dbt init', 'send_anonymous_usage_stats': 'True'}
[0m20:16:32.109127 [warn ] [MainThread]: [ConfigFolderDirectory]: Unable to parse dict {'dir': PosixPath('/Users/ramazanabylkassov/.dbt')}
[0m20:16:32.109306 [info ] [MainThread]: Creating dbt configuration folder at 
[0m20:16:41.979779 [info ] [MainThread]: A project called dbt_mcdm_challenge already exists here.
[0m20:16:41.984598 [debug] [MainThread]: Resource report: {"command_name": "init", "command_success": true, "command_wall_clock_time": 9.890364, "process_user_time": 0.72499, "process_kernel_time": 0.085925, "process_mem_max_rss": "99254272", "process_in_blocks": "0", "process_out_blocks": "0"}
[0m20:16:41.985696 [debug] [MainThread]: Command `dbt init` succeeded at 20:16:41.985489 after 9.89 seconds
[0m20:16:41.986292 [debug] [MainThread]: Sending event: {'category': 'dbt', 'action': 'invocation', 'label': 'end', 'context': [<snowplow_tracker.self_describing_json.SelfDescribingJson object at 0x107b8c090>, <snowplow_tracker.self_describing_json.SelfDescribingJson object at 0x107bbec50>, <snowplow_tracker.self_describing_json.SelfDescribingJson object at 0x102ec1010>]}
[0m20:16:41.987053 [debug] [MainThread]: Flushing usage events
[0m20:16:49.867418 [debug] [MainThread]: Sending event: {'category': 'dbt', 'action': 'invocation', 'label': 'start', 'context': [<snowplow_tracker.self_describing_json.SelfDescribingJson object at 0x105fc0d90>, <snowplow_tracker.self_describing_json.SelfDescribingJson object at 0x105fd8f90>, <snowplow_tracker.self_describing_json.SelfDescribingJson object at 0x105fd9590>]}


============================== 20:16:49.870354 | 928bf23e-bf5a-4bc1-8813-8056b2cd6317 ==============================
[0m20:16:49.870354 [info ] [MainThread]: Running with dbt=1.7.13
[0m20:16:49.870669 [debug] [MainThread]: running dbt with arguments {'printer_width': '80', 'indirect_selection': 'eager', 'log_cache_events': 'False', 'write_json': 'True', 'partial_parse': 'True', 'cache_selected_only': 'False', 'warn_error': 'None', 'debug': 'False', 'version_check': 'True', 'log_path': 'logs', 'fail_fast': 'False', 'profiles_dir': '/Users/ramazanabylkassov/.dbt', 'use_colors': 'True', 'use_experimental_parser': 'False', 'no_print': 'None', 'quiet': 'False', 'log_format': 'default', 'static_parser': 'True', 'warn_error_options': 'WarnErrorOptions(include=[], exclude=[])', 'introspect': 'True', 'target_path': 'None', 'invocation_command': 'dbt debug', 'send_anonymous_usage_stats': 'True'}
[0m20:16:49.870961 [info ] [MainThread]: dbt version: 1.7.13
[0m20:16:49.871140 [info ] [MainThread]: python version: 3.11.4
[0m20:16:49.871332 [info ] [MainThread]: python path: /Users/ramazanabylkassov/Desktop/IT/mcdm_challenge/.venv/bin/python3.11
[0m20:16:49.871484 [info ] [MainThread]: os info: macOS-14.4.1-arm64-arm-64bit
[0m20:16:49.871650 [info ] [MainThread]: Using profiles dir at /Users/ramazanabylkassov/.dbt
[0m20:16:49.871805 [info ] [MainThread]: Using profiles.yml file at /Users/ramazanabylkassov/.dbt/profiles.yml
[0m20:16:49.871947 [info ] [MainThread]: Using dbt_project.yml file at /Users/ramazanabylkassov/Desktop/IT/mcdm_challenge/dbt_project.yml
[0m20:16:49.872101 [info ] [MainThread]: Configuration:
[0m20:16:49.872244 [info ] [MainThread]:   profiles.yml file [[31mERROR not found[0m]
[0m20:16:49.872376 [info ] [MainThread]:   dbt_project.yml file [[31mERROR not found[0m]
[0m20:16:49.872503 [info ] [MainThread]: Required dependencies:
[0m20:16:49.872667 [debug] [MainThread]: Executing "git --help"
[0m20:16:49.880183 [debug] [MainThread]: STDOUT: "b"usage: git [-v | --version] [-h | --help] [-C <path>] [-c <name>=<value>]\n           [--exec-path[=<path>]] [--html-path] [--man-path] [--info-path]\n           [-p | --paginate | -P | --no-pager] [--no-replace-objects] [--bare]\n           [--git-dir=<path>] [--work-tree=<path>] [--namespace=<name>]\n           [--super-prefix=<path>] [--config-env=<name>=<envvar>]\n           <command> [<args>]\n\nThese are common Git commands used in various situations:\n\nstart a working area (see also: git help tutorial)\n   clone     Clone a repository into a new directory\n   init      Create an empty Git repository or reinitialize an existing one\n\nwork on the current change (see also: git help everyday)\n   add       Add file contents to the index\n   mv        Move or rename a file, a directory, or a symlink\n   restore   Restore working tree files\n   rm        Remove files from the working tree and from the index\n\nexamine the history and state (see also: git help revisions)\n   bisect    Use binary search to find the commit that introduced a bug\n   diff      Show changes between commits, commit and working tree, etc\n   grep      Print lines matching a pattern\n   log       Show commit logs\n   show      Show various types of objects\n   status    Show the working tree status\n\ngrow, mark and tweak your common history\n   branch    List, create, or delete branches\n   commit    Record changes to the repository\n   merge     Join two or more development histories together\n   rebase    Reapply commits on top of another base tip\n   reset     Reset current HEAD to the specified state\n   switch    Switch branches\n   tag       Create, list, delete or verify a tag object signed with GPG\n\ncollaborate (see also: git help workflows)\n   fetch     Download objects and refs from another repository\n   pull      Fetch from and integrate with another repository or a local branch\n   push      Update remote refs along with associated objects\n\n'git help -a' and 'git help -g' list available subcommands and some\nconcept guides. See 'git help <command>' or 'git help <concept>'\nto read about a specific subcommand or concept.\nSee 'git help git' for an overview of the system.\n""
[0m20:16:49.880719 [debug] [MainThread]: STDERR: "b''"
[0m20:16:49.880928 [info ] [MainThread]:  - git [[32mOK found[0m]

[0m20:16:49.881091 [info ] [MainThread]: Connection test skipped since no profile was found
[0m20:16:49.881257 [info ] [MainThread]: [31m2 checks failed:[0m
[0m20:16:49.881404 [info ] [MainThread]: dbt looked for a profiles.yml file in /Users/ramazanabylkassov/.dbt/profiles.yml, but did
not find one. For more information on configuring your profile, consult the
documentation:

https://docs.getdbt.com/docs/configure-your-profile


[0m20:16:49.881545 [info ] [MainThread]: Project loading failed for the following reason:
 project path </Users/ramazanabylkassov/Desktop/IT/mcdm_challenge/dbt_project.yml> not found

[0m20:16:49.882340 [debug] [MainThread]: Resource report: {"command_name": "debug", "command_wall_clock_time": 0.022814542, "process_user_time": 0.703596, "process_kernel_time": 0.061467, "process_mem_max_rss": "100630528", "command_success": false, "process_in_blocks": "0", "process_out_blocks": "0"}
[0m20:16:49.882690 [debug] [MainThread]: Command `dbt debug` failed at 20:16:49.882611 after 0.02 seconds
[0m20:16:49.882975 [debug] [MainThread]: Sending event: {'category': 'dbt', 'action': 'invocation', 'label': 'end', 'context': [<snowplow_tracker.self_describing_json.SelfDescribingJson object at 0x105fc8210>, <snowplow_tracker.self_describing_json.SelfDescribingJson object at 0x105ffaf90>, <snowplow_tracker.self_describing_json.SelfDescribingJson object at 0x105ffbed0>]}
[0m20:16:49.883227 [debug] [MainThread]: Flushing usage events
[0m20:17:49.800595 [debug] [MainThread]: Sending event: {'category': 'dbt', 'action': 'invocation', 'label': 'start', 'context': [<snowplow_tracker.self_describing_json.SelfDescribingJson object at 0x1073afd50>, <snowplow_tracker.self_describing_json.SelfDescribingJson object at 0x107378cd0>, <snowplow_tracker.self_describing_json.SelfDescribingJson object at 0x1073cdcd0>]}


============================== 20:17:49.802657 | d0943890-8861-4409-af09-49d238d4ac23 ==============================
[0m20:17:49.802657 [info ] [MainThread]: Running with dbt=1.7.13
[0m20:17:49.802976 [debug] [MainThread]: running dbt with arguments {'printer_width': '80', 'indirect_selection': 'eager', 'write_json': 'True', 'log_cache_events': 'False', 'partial_parse': 'True', 'cache_selected_only': 'False', 'warn_error': 'None', 'version_check': 'True', 'profiles_dir': '/Users/ramazanabylkassov/Desktop/IT/mcdm_challenge/.dbt', 'log_path': 'logs', 'fail_fast': 'False', 'debug': 'False', 'use_colors': 'True', 'use_experimental_parser': 'False', 'no_print': 'None', 'quiet': 'False', 'log_format': 'default', 'introspect': 'True', 'invocation_command': 'dbt debug', 'static_parser': 'True', 'target_path': 'None', 'warn_error_options': 'WarnErrorOptions(include=[], exclude=[])', 'send_anonymous_usage_stats': 'True'}
[0m20:17:49.803271 [info ] [MainThread]: dbt version: 1.7.13
[0m20:17:49.803446 [info ] [MainThread]: python version: 3.11.4
[0m20:17:49.803612 [info ] [MainThread]: python path: /Users/ramazanabylkassov/Desktop/IT/mcdm_challenge/.venv/bin/python3.11
[0m20:17:49.803765 [info ] [MainThread]: os info: macOS-14.4.1-arm64-arm-64bit
[0m20:17:50.916818 [info ] [MainThread]: Using profiles dir at /Users/ramazanabylkassov/Desktop/IT/mcdm_challenge/.dbt
[0m20:17:50.917107 [info ] [MainThread]: Using profiles.yml file at /Users/ramazanabylkassov/Desktop/IT/mcdm_challenge/.dbt/profiles.yml
[0m20:17:50.917277 [info ] [MainThread]: Using dbt_project.yml file at /Users/ramazanabylkassov/Desktop/IT/mcdm_challenge/dbt_project.yml
[0m20:17:50.917573 [info ] [MainThread]: adapter type: bigquery
[0m20:17:50.917766 [info ] [MainThread]: adapter version: 1.7.7
[0m20:17:50.917931 [info ] [MainThread]: Configuration:
[0m20:17:50.918083 [info ] [MainThread]:   profiles.yml file [[32mOK found and valid[0m]
[0m20:17:50.918227 [info ] [MainThread]:   dbt_project.yml file [[31mERROR not found[0m]
[0m20:17:50.918371 [info ] [MainThread]: Required dependencies:
[0m20:17:50.918538 [debug] [MainThread]: Executing "git --help"
[0m20:17:50.928037 [debug] [MainThread]: STDOUT: "b"usage: git [-v | --version] [-h | --help] [-C <path>] [-c <name>=<value>]\n           [--exec-path[=<path>]] [--html-path] [--man-path] [--info-path]\n           [-p | --paginate | -P | --no-pager] [--no-replace-objects] [--bare]\n           [--git-dir=<path>] [--work-tree=<path>] [--namespace=<name>]\n           [--super-prefix=<path>] [--config-env=<name>=<envvar>]\n           <command> [<args>]\n\nThese are common Git commands used in various situations:\n\nstart a working area (see also: git help tutorial)\n   clone     Clone a repository into a new directory\n   init      Create an empty Git repository or reinitialize an existing one\n\nwork on the current change (see also: git help everyday)\n   add       Add file contents to the index\n   mv        Move or rename a file, a directory, or a symlink\n   restore   Restore working tree files\n   rm        Remove files from the working tree and from the index\n\nexamine the history and state (see also: git help revisions)\n   bisect    Use binary search to find the commit that introduced a bug\n   diff      Show changes between commits, commit and working tree, etc\n   grep      Print lines matching a pattern\n   log       Show commit logs\n   show      Show various types of objects\n   status    Show the working tree status\n\ngrow, mark and tweak your common history\n   branch    List, create, or delete branches\n   commit    Record changes to the repository\n   merge     Join two or more development histories together\n   rebase    Reapply commits on top of another base tip\n   reset     Reset current HEAD to the specified state\n   switch    Switch branches\n   tag       Create, list, delete or verify a tag object signed with GPG\n\ncollaborate (see also: git help workflows)\n   fetch     Download objects and refs from another repository\n   pull      Fetch from and integrate with another repository or a local branch\n   push      Update remote refs along with associated objects\n\n'git help -a' and 'git help -g' list available subcommands and some\nconcept guides. See 'git help <command>' or 'git help <concept>'\nto read about a specific subcommand or concept.\nSee 'git help git' for an overview of the system.\n""
[0m20:17:50.928905 [debug] [MainThread]: STDERR: "b''"
[0m20:17:50.929175 [info ] [MainThread]:  - git [[32mOK found[0m]

[0m20:17:50.929360 [info ] [MainThread]: Connection:
[0m20:17:50.929579 [info ] [MainThread]:   method: service-account
[0m20:17:50.929743 [info ] [MainThread]:   database: mcdm-challenge-421314
[0m20:17:50.929890 [info ] [MainThread]:   execution_project: mcdm-challenge-421314
[0m20:17:50.930039 [info ] [MainThread]:   schema: dbt_inter
[0m20:17:50.930182 [info ] [MainThread]:   location: US
[0m20:17:50.930316 [info ] [MainThread]:   priority: interactive
[0m20:17:50.930449 [info ] [MainThread]:   maximum_bytes_billed: None
[0m20:17:50.930586 [info ] [MainThread]:   impersonate_service_account: None
[0m20:17:50.930720 [info ] [MainThread]:   job_retry_deadline_seconds: None
[0m20:17:50.930847 [info ] [MainThread]:   job_retries: 1
[0m20:17:50.930976 [info ] [MainThread]:   job_creation_timeout_seconds: None
[0m20:17:50.931116 [info ] [MainThread]:   job_execution_timeout_seconds: 300
[0m20:17:50.931251 [info ] [MainThread]:   timeout_seconds: 300
[0m20:17:50.931385 [info ] [MainThread]:   client_id: None
[0m20:17:50.931518 [info ] [MainThread]:   token_uri: None
[0m20:17:50.931649 [info ] [MainThread]:   dataproc_region: None
[0m20:17:50.931783 [info ] [MainThread]:   dataproc_cluster_name: None
[0m20:17:50.931907 [info ] [MainThread]:   gcs_bucket: None
[0m20:17:50.932038 [info ] [MainThread]:   dataproc_batch: None
[0m20:17:50.932245 [info ] [MainThread]: Registered adapter: bigquery=1.7.7
[0m20:17:50.937173 [debug] [MainThread]: Acquiring new bigquery connection 'debug'
[0m20:17:50.937757 [debug] [MainThread]: Opening a new connection, currently in state init
[0m20:17:50.939208 [debug] [MainThread]: On debug: select 1 as id
[0m20:17:52.383281 [error] [MainThread]: BigQuery adapter: https://console.cloud.google.com/bigquery?project=mcdm-challenge-421314&j=bq:US:00b8053a-0772-4c00-8651-07b32ee9ac69&page=queryresults
[0m20:17:52.385601 [info ] [MainThread]:   Connection test: [[31mERROR[0m]

[0m20:17:52.386157 [info ] [MainThread]: [31m2 checks failed:[0m
[0m20:17:52.386547 [info ] [MainThread]: Project loading failed for the following reason:
 project path </Users/ramazanabylkassov/Desktop/IT/mcdm_challenge/dbt_project.yml> not found

[0m20:17:52.386917 [info ] [MainThread]: dbt was unable to connect to the specified database.
The database returned the following error:

  >Database Error
  Access Denied: Project mcdm-challenge-421314: User does not have bigquery.jobs.create permission in project mcdm-challenge-421314.

Check your database credentials and try again. For more information, visit:
https://docs.getdbt.com/docs/configure-your-profile


[0m20:17:52.390613 [debug] [MainThread]: Resource report: {"command_name": "debug", "command_wall_clock_time": 2.6137676, "process_user_time": 2.969111, "process_kernel_time": 0.193719, "process_mem_max_rss": "194330624", "command_success": false, "process_in_blocks": "0", "process_out_blocks": "0"}
[0m20:17:52.391682 [debug] [MainThread]: Command `dbt debug` failed at 20:17:52.391484 after 2.62 seconds
[0m20:17:52.392296 [debug] [MainThread]: Connection 'debug' was properly closed.
[0m20:17:52.392792 [debug] [MainThread]: Sending event: {'category': 'dbt', 'action': 'invocation', 'label': 'end', 'context': [<snowplow_tracker.self_describing_json.SelfDescribingJson object at 0x107368050>, <snowplow_tracker.self_describing_json.SelfDescribingJson object at 0x1073cd210>, <snowplow_tracker.self_describing_json.SelfDescribingJson object at 0x103041690>]}
[0m20:17:52.393357 [debug] [MainThread]: Flushing usage events
[0m20:18:13.022261 [debug] [MainThread]: Sending event: {'category': 'dbt', 'action': 'invocation', 'label': 'start', 'context': [<snowplow_tracker.self_describing_json.SelfDescribingJson object at 0x106a28310>, <snowplow_tracker.self_describing_json.SelfDescribingJson object at 0x108bd4d90>, <snowplow_tracker.self_describing_json.SelfDescribingJson object at 0x108bd4e50>]}


============================== 20:18:13.024269 | ca61f47a-8fc0-479b-8aa7-0eaf2fab8375 ==============================
[0m20:18:13.024269 [info ] [MainThread]: Running with dbt=1.7.13
[0m20:18:13.024589 [debug] [MainThread]: running dbt with arguments {'printer_width': '80', 'indirect_selection': 'eager', 'write_json': 'True', 'log_cache_events': 'False', 'partial_parse': 'True', 'cache_selected_only': 'False', 'profiles_dir': '/Users/ramazanabylkassov/Desktop/IT/mcdm_challenge/.dbt', 'version_check': 'True', 'fail_fast': 'False', 'log_path': 'logs', 'debug': 'False', 'warn_error': 'None', 'use_colors': 'True', 'use_experimental_parser': 'False', 'no_print': 'None', 'quiet': 'False', 'warn_error_options': 'WarnErrorOptions(include=[], exclude=[])', 'introspect': 'True', 'static_parser': 'True', 'invocation_command': 'dbt init', 'target_path': 'None', 'log_format': 'default', 'send_anonymous_usage_stats': 'True'}
[0m20:18:18.731845 [debug] [MainThread]: Starter project path: /Users/ramazanabylkassov/Desktop/IT/mcdm_challenge/.venv/lib/python3.11/site-packages/dbt/include/starter_project
[0m20:18:18.744905 [info ] [MainThread]: 
Your new dbt project "dbt_mcdm_challenge_2" was created!

For more information on how to configure the profiles.yml file,
please consult the dbt documentation here:

  https://docs.getdbt.com/docs/configure-your-profile

One more thing:

Need help? Don't hesitate to reach out to us via GitHub issues or on Slack:

  https://community.getdbt.com/

Happy modeling!

[0m20:18:18.745554 [info ] [MainThread]: Setting up your profile.
[0m20:19:36.911681 [info ] [MainThread]: Profile dbt_mcdm_challenge_2 written to /Users/ramazanabylkassov/Desktop/IT/mcdm_challenge/.dbt/profiles.yml using target's profile_template.yml and your supplied values. Run 'dbt debug' to validate the connection.
[0m20:19:36.915097 [debug] [MainThread]: Resource report: {"command_name": "init", "command_success": true, "command_wall_clock_time": 83.91417, "process_user_time": 2.403667, "process_kernel_time": 0.697548, "process_mem_max_rss": "191430656", "process_in_blocks": "0", "process_out_blocks": "0"}
[0m20:19:36.916120 [debug] [MainThread]: Command `dbt init` succeeded at 20:19:36.915921 after 83.92 seconds
[0m20:19:36.916731 [debug] [MainThread]: Sending event: {'category': 'dbt', 'action': 'invocation', 'label': 'end', 'context': [<snowplow_tracker.self_describing_json.SelfDescribingJson object at 0x108b8c310>, <snowplow_tracker.self_describing_json.SelfDescribingJson object at 0x108bd58d0>, <snowplow_tracker.self_describing_json.SelfDescribingJson object at 0x10869c150>]}
[0m20:19:36.917326 [debug] [MainThread]: Flushing usage events
[0m20:19:45.985998 [debug] [MainThread]: Sending event: {'category': 'dbt', 'action': 'invocation', 'label': 'start', 'context': [<snowplow_tracker.self_describing_json.SelfDescribingJson object at 0x10463cb90>, <snowplow_tracker.self_describing_json.SelfDescribingJson object at 0x1046300d0>, <snowplow_tracker.self_describing_json.SelfDescribingJson object at 0x104689c10>]}


============================== 20:19:45.988907 | 38f25648-17c2-41eb-aef9-1b724d7d9229 ==============================
[0m20:19:45.988907 [info ] [MainThread]: Running with dbt=1.7.13
[0m20:19:45.989228 [debug] [MainThread]: running dbt with arguments {'printer_width': '80', 'indirect_selection': 'eager', 'log_cache_events': 'False', 'write_json': 'True', 'partial_parse': 'True', 'cache_selected_only': 'False', 'profiles_dir': '/Users/ramazanabylkassov/Desktop/IT/mcdm_challenge/.dbt', 'fail_fast': 'False', 'debug': 'False', 'log_path': 'logs', 'warn_error': 'None', 'version_check': 'True', 'use_colors': 'True', 'use_experimental_parser': 'False', 'no_print': 'None', 'quiet': 'False', 'log_format': 'default', 'introspect': 'True', 'invocation_command': 'dbt debug', 'static_parser': 'True', 'target_path': 'None', 'warn_error_options': 'WarnErrorOptions(include=[], exclude=[])', 'send_anonymous_usage_stats': 'True'}
[0m20:19:45.989518 [info ] [MainThread]: dbt version: 1.7.13
[0m20:19:45.989692 [info ] [MainThread]: python version: 3.11.4
[0m20:19:45.989861 [info ] [MainThread]: python path: /Users/ramazanabylkassov/Desktop/IT/mcdm_challenge/.venv/bin/python3.11
[0m20:19:45.990016 [info ] [MainThread]: os info: macOS-14.4.1-arm64-arm-64bit
[0m20:19:46.407608 [info ] [MainThread]: Using profiles dir at /Users/ramazanabylkassov/Desktop/IT/mcdm_challenge/.dbt
[0m20:19:46.407905 [info ] [MainThread]: Using profiles.yml file at /Users/ramazanabylkassov/Desktop/IT/mcdm_challenge/.dbt/profiles.yml
[0m20:19:46.408087 [info ] [MainThread]: Using dbt_project.yml file at /Users/ramazanabylkassov/Desktop/IT/mcdm_challenge/dbt_project.yml
[0m20:19:46.408278 [error] [MainThread]: Encountered an error:
Internal Error
  Profile should not be None if loading profile completed
[0m20:19:46.409224 [debug] [MainThread]: Resource report: {"command_name": "debug", "command_wall_clock_time": 0.4459855, "process_user_time": 2.72981, "process_kernel_time": 0.24801, "process_mem_max_rss": "192331776", "command_success": false, "process_in_blocks": "0", "process_out_blocks": "0"}
[0m20:19:46.409465 [debug] [MainThread]: Command `dbt debug` failed at 20:19:46.409413 after 0.45 seconds
[0m20:19:46.409635 [debug] [MainThread]: Sending event: {'category': 'dbt', 'action': 'invocation', 'label': 'end', 'context': [<snowplow_tracker.self_describing_json.SelfDescribingJson object at 0x104689210>, <snowplow_tracker.self_describing_json.SelfDescribingJson object at 0x104689a90>, <snowplow_tracker.self_describing_json.SelfDescribingJson object at 0x104626250>]}
[0m20:19:46.409805 [debug] [MainThread]: Flushing usage events
[0m20:34:47.858806 [debug] [MainThread]: Sending event: {'category': 'dbt', 'action': 'invocation', 'label': 'start', 'context': [<snowplow_tracker.self_describing_json.SelfDescribingJson object at 0x12019b450>, <snowplow_tracker.self_describing_json.SelfDescribingJson object at 0x1201f9d10>, <snowplow_tracker.self_describing_json.SelfDescribingJson object at 0x1201fa2d0>]}


============================== 20:34:47.861162 | 5e50bf9b-f0f3-4c8b-802a-95085a5f837d ==============================
[0m20:34:47.861162 [info ] [MainThread]: Running with dbt=1.7.13
[0m20:34:47.861459 [debug] [MainThread]: running dbt with arguments {'printer_width': '80', 'indirect_selection': 'eager', 'log_cache_events': 'False', 'write_json': 'True', 'partial_parse': 'True', 'cache_selected_only': 'False', 'profiles_dir': '/Users/ramazanabylkassov/Desktop/IT/mcdm_challenge/.dbt', 'fail_fast': 'False', 'version_check': 'True', 'log_path': 'logs', 'debug': 'False', 'warn_error': 'None', 'use_colors': 'True', 'use_experimental_parser': 'False', 'no_print': 'None', 'quiet': 'False', 'log_format': 'default', 'static_parser': 'True', 'introspect': 'True', 'warn_error_options': 'WarnErrorOptions(include=[], exclude=[])', 'target_path': 'None', 'invocation_command': 'dbt seed', 'send_anonymous_usage_stats': 'True'}
[0m20:34:47.861739 [error] [MainThread]: Encountered an error:
Runtime Error
  No dbt_project.yml found at expected path /Users/ramazanabylkassov/Desktop/IT/mcdm_challenge/dbt_project.yml
  Verify that each entry within packages.yml (and their transitive dependencies) contains a file named dbt_project.yml
  
[0m20:34:47.862431 [debug] [MainThread]: Resource report: {"command_name": "seed", "command_wall_clock_time": 0.02801004, "process_user_time": 0.722971, "process_kernel_time": 0.07318, "process_mem_max_rss": "100450304", "command_success": false, "process_in_blocks": "0", "process_out_blocks": "0"}
[0m20:34:47.862685 [debug] [MainThread]: Command `dbt seed` failed at 20:34:47.862628 after 0.03 seconds
[0m20:34:47.862861 [debug] [MainThread]: Sending event: {'category': 'dbt', 'action': 'invocation', 'label': 'end', 'context': [<snowplow_tracker.self_describing_json.SelfDescribingJson object at 0x1201f9f10>, <snowplow_tracker.self_describing_json.SelfDescribingJson object at 0x12018c0d0>, <snowplow_tracker.self_describing_json.SelfDescribingJson object at 0x1201dc310>]}
[0m20:34:47.863029 [debug] [MainThread]: Flushing usage events
[0m20:34:56.279606 [debug] [MainThread]: Sending event: {'category': 'dbt', 'action': 'invocation', 'label': 'start', 'context': [<snowplow_tracker.self_describing_json.SelfDescribingJson object at 0x106999410>, <snowplow_tracker.self_describing_json.SelfDescribingJson object at 0x106a09d90>, <snowplow_tracker.self_describing_json.SelfDescribingJson object at 0x106a0a350>]}


============================== 20:34:56.281740 | fcad1b8a-57e8-4af7-b39a-8d69a724c993 ==============================
[0m20:34:56.281740 [info ] [MainThread]: Running with dbt=1.7.13
[0m20:34:56.282066 [debug] [MainThread]: running dbt with arguments {'printer_width': '80', 'indirect_selection': 'eager', 'log_cache_events': 'False', 'write_json': 'True', 'partial_parse': 'True', 'cache_selected_only': 'False', 'warn_error': 'None', 'version_check': 'True', 'debug': 'False', 'log_path': 'logs', 'fail_fast': 'False', 'profiles_dir': '/Users/ramazanabylkassov/Desktop/IT/mcdm_challenge/.dbt', 'use_colors': 'True', 'use_experimental_parser': 'False', 'no_print': 'None', 'quiet': 'False', 'log_format': 'default', 'invocation_command': 'dbt run --full-refresh', 'warn_error_options': 'WarnErrorOptions(include=[], exclude=[])', 'introspect': 'True', 'target_path': 'None', 'static_parser': 'True', 'send_anonymous_usage_stats': 'True'}
[0m20:34:56.282336 [error] [MainThread]: Encountered an error:
Runtime Error
  No dbt_project.yml found at expected path /Users/ramazanabylkassov/Desktop/IT/mcdm_challenge/dbt_project.yml
  Verify that each entry within packages.yml (and their transitive dependencies) contains a file named dbt_project.yml
  
[0m20:34:56.282991 [debug] [MainThread]: Resource report: {"command_name": "run", "command_wall_clock_time": 0.025715709, "process_user_time": 0.72966, "process_kernel_time": 0.065483, "process_mem_max_rss": "101498880", "command_success": false, "process_in_blocks": "0", "process_out_blocks": "0"}
[0m20:34:56.283252 [debug] [MainThread]: Command `dbt run` failed at 20:34:56.283193 after 0.03 seconds
[0m20:34:56.283430 [debug] [MainThread]: Sending event: {'category': 'dbt', 'action': 'invocation', 'label': 'end', 'context': [<snowplow_tracker.self_describing_json.SelfDescribingJson object at 0x1069a0450>, <snowplow_tracker.self_describing_json.SelfDescribingJson object at 0x1069ed650>, <snowplow_tracker.self_describing_json.SelfDescribingJson object at 0x1025d5050>]}
[0m20:34:56.283602 [debug] [MainThread]: Flushing usage events
